[2020-01-20 08:31:41] Текст ошибки: Контроллер app\controllers\admin\MainController не найден! | Файл: C:\OSPanel\domains\ishop.loc\vendor\ishop\core\Router.php | Строка: 44
=====================
[2020-01-20 08:31:41] Текст ошибки: Страница не найдена! | Файл: C:\OSPanel\domains\ishop.loc\vendor\ishop\core\Router.php | Строка: 47
=====================
[2020-01-20 08:39:25] Текст ошибки: Call to a member function getDatabase() on null | Файл: C:\OSPanel\domains\ishop.loc\app\views\templates\watches.php | Строка: 302
=====================
[2020-01-20 08:52:39] Текст ошибки: Страница не найдена! | Файл: C:\OSPanel\domains\ishop.loc\vendor\ishop\core\Router.php | Строка: 47
=====================
[2020-01-20 08:52:39] Текст ошибки: Страница не найдена! | Файл: C:\OSPanel\domains\ishop.loc\vendor\ishop\core\Router.php | Строка: 47
=====================
[2020-01-20 08:52:39] Текст ошибки: Страница не найдена! | Файл: C:\OSPanel\domains\ishop.loc\vendor\ishop\core\Router.php | Строка: 47
=====================
[2020-01-20 08:52:39] Текст ошибки: Страница не найдена! | Файл: C:\OSPanel\domains\ishop.loc\vendor\ishop\core\Router.php | Строка: 47
=====================
[2020-01-20 08:52:39] Текст ошибки: Страница не найдена! | Файл: C:\OSPanel\domains\ishop.loc\vendor\ishop\core\Router.php | Строка: 47
=====================
[2020-01-20 08:52:39] Текст ошибки: Страница не найдена! | Файл: C:\OSPanel\domains\ishop.loc\vendor\ishop\core\Router.php | Строка: 47
=====================
[2020-01-20 08:52:39] Текст ошибки: Страница не найдена! | Файл: C:\OSPanel\domains\ishop.loc\vendor\ishop\core\Router.php | Строка: 47
=====================
[2020-01-20 08:52:39] Текст ошибки: Страница не найдена! | Файл: C:\OSPanel\domains\ishop.loc\vendor\ishop\core\Router.php | Строка: 47
=====================
[2020-01-20 08:52:39] Текст ошибки: Страница не найдена! | Файл: C:\OSPanel\domains\ishop.loc\vendor\ishop\core\Router.php | Строка: 47
=====================
[2020-01-20 08:52:39] Текст ошибки: Страница не найдена! | Файл: C:\OSPanel\domains\ishop.loc\vendor\ishop\core\Router.php | Строка: 47
=====================
[2020-01-20 08:52:39] Текст ошибки: Страница не найдена! | Файл: C:\OSPanel\domains\ishop.loc\vendor\ishop\core\Router.php | Строка: 47
=====================
[2020-01-20 08:52:39] Текст ошибки: Страница не найдена! | Файл: C:\OSPanel\domains\ishop.loc\vendor\ishop\core\Router.php | Строка: 47
=====================
[2020-01-20 08:52:39] Текст ошибки: Страница не найдена! | Файл: C:\OSPanel\domains\ishop.loc\vendor\ishop\core\Router.php | Строка: 47
=====================
[2020-01-20 08:52:39] Текст ошибки: Страница не найдена! | Файл: C:\OSPanel\domains\ishop.loc\vendor\ishop\core\Router.php | Строка: 47
=====================
[2020-01-20 08:52:39] Текст ошибки: Страница не найдена! | Файл: C:\OSPanel\domains\ishop.loc\vendor\ishop\core\Router.php | Строка: 47
=====================
[2020-01-20 08:52:39] Текст ошибки: Страница не найдена! | Файл: C:\OSPanel\domains\ishop.loc\vendor\ishop\core\Router.php | Строка: 47
=====================
[2020-01-20 08:52:39] Текст ошибки: Страница не найдена! | Файл: C:\OSPanel\domains\ishop.loc\vendor\ishop\core\Router.php | Строка: 47
=====================
[2020-01-20 08:52:39] Текст ошибки: Страница не найдена! | Файл: C:\OSPanel\domains\ishop.loc\vendor\ishop\core\Router.php | Строка: 47
=====================
[2020-01-20 08:52:39] Текст ошибки: Страница не найдена! | Файл: C:\OSPanel\domains\ishop.loc\vendor\ishop\core\Router.php | Строка: 47
=====================
[2020-01-20 08:52:39] Текст ошибки: Страница не найдена! | Файл: C:\OSPanel\domains\ishop.loc\vendor\ishop\core\Router.php | Строка: 47
=====================
[2020-01-20 08:52:39] Текст ошибки: Страница не найдена! | Файл: C:\OSPanel\domains\ishop.loc\vendor\ishop\core\Router.php | Строка: 47
=====================
[2020-01-20 08:52:39] Текст ошибки: Страница не найдена! | Файл: C:\OSPanel\domains\ishop.loc\vendor\ishop\core\Router.php | Строка: 47
=====================
[2020-01-20 08:52:39] Текст ошибки: Страница не найдена! | Файл: C:\OSPanel\domains\ishop.loc\vendor\ishop\core\Router.php | Строка: 47
=====================
[2020-01-20 08:52:39] Текст ошибки: Страница не найдена! | Файл: C:\OSPanel\domains\ishop.loc\vendor\ishop\core\Router.php | Строка: 47
=====================
[2020-01-20 08:52:39] Текст ошибки: Страница не найдена! | Файл: C:\OSPanel\domains\ishop.loc\vendor\ishop\core\Router.php | Строка: 47
=====================
[2020-01-20 08:52:39] Текст ошибки: Страница не найдена! | Файл: C:\OSPanel\domains\ishop.loc\vendor\ishop\core\Router.php | Строка: 47
=====================
[2020-01-20 08:52:39] Текст ошибки: Страница не найдена! | Файл: C:\OSPanel\domains\ishop.loc\vendor\ishop\core\Router.php | Строка: 47
=====================
[2020-01-20 08:52:39] Текст ошибки: Страница не найдена! | Файл: C:\OSPanel\domains\ishop.loc\vendor\ishop\core\Router.php | Строка: 47
=====================
[2020-01-20 08:52:39] Текст ошибки: Страница не найдена! | Файл: C:\OSPanel\domains\ishop.loc\vendor\ishop\core\Router.php | Строка: 47
=====================
[2020-01-20 08:52:39] Текст ошибки: Страница не найдена! | Файл: C:\OSPanel\domains\ishop.loc\vendor\ishop\core\Router.php | Строка: 47
=====================
[2020-01-20 08:52:39] Текст ошибки: Страница не найдена! | Файл: C:\OSPanel\domains\ishop.loc\vendor\ishop\core\Router.php | Строка: 47
=====================
[2020-01-20 08:52:39] Текст ошибки: Страница не найдена! | Файл: C:\OSPanel\domains\ishop.loc\vendor\ishop\core\Router.php | Строка: 47
=====================
[2020-01-20 08:52:40] Текст ошибки: Страница не найдена! | Файл: C:\OSPanel\domains\ishop.loc\vendor\ishop\core\Router.php | Строка: 47
=====================
[2020-01-20 08:52:40] Текст ошибки: Страница не найдена! | Файл: C:\OSPanel\domains\ishop.loc\vendor\ishop\core\Router.php | Строка: 47
=====================
[2020-01-20 08:52:40] Текст ошибки: Страница не найдена! | Файл: C:\OSPanel\domains\ishop.loc\vendor\ishop\core\Router.php | Строка: 47
=====================
[2020-01-20 08:52:40] Текст ошибки: Страница не найдена! | Файл: C:\OSPanel\domains\ishop.loc\vendor\ishop\core\Router.php | Строка: 47
=====================
[2020-01-20 08:52:40] Текст ошибки: Страница не найдена! | Файл: C:\OSPanel\domains\ishop.loc\vendor\ishop\core\Router.php | Строка: 47
=====================
[2020-01-20 08:52:40] Текст ошибки: Страница не найдена! | Файл: C:\OSPanel\domains\ishop.loc\vendor\ishop\core\Router.php | Строка: 47
=====================
[2020-01-20 08:52:40] Текст ошибки: Страница не найдена! | Файл: C:\OSPanel\domains\ishop.loc\vendor\ishop\core\Router.php | Строка: 47
=====================
[2020-01-20 08:52:40] Текст ошибки: Страница не найдена! | Файл: C:\OSPanel\domains\ishop.loc\vendor\ishop\core\Router.php | Строка: 47
=====================
[2020-01-20 08:52:40] Текст ошибки: Страница не найдена! | Файл: C:\OSPanel\domains\ishop.loc\vendor\ishop\core\Router.php | Строка: 47
=====================
[2020-01-20 08:52:40] Текст ошибки: Страница не найдена! | Файл: C:\OSPanel\domains\ishop.loc\vendor\ishop\core\Router.php | Строка: 47
=====================
[2020-01-20 08:52:40] Текст ошибки: Страница не найдена! | Файл: C:\OSPanel\domains\ishop.loc\vendor\ishop\core\Router.php | Строка: 47
=====================
[2020-01-20 08:52:40] Текст ошибки: Страница не найдена! | Файл: C:\OSPanel\domains\ishop.loc\vendor\ishop\core\Router.php | Строка: 47
=====================
[2020-01-20 08:52:40] Текст ошибки: Страница не найдена! | Файл: C:\OSPanel\domains\ishop.loc\vendor\ishop\core\Router.php | Строка: 47
=====================
[2020-01-20 08:52:40] Текст ошибки: Страница не найдена! | Файл: C:\OSPanel\domains\ishop.loc\vendor\ishop\core\Router.php | Строка: 47
=====================
[2020-01-20 08:52:40] Текст ошибки: Страница не найдена! | Файл: C:\OSPanel\domains\ishop.loc\vendor\ishop\core\Router.php | Строка: 47
=====================
[2020-01-20 08:52:40] Текст ошибки: Страница не найдена! | Файл: C:\OSPanel\domains\ishop.loc\vendor\ishop\core\Router.php | Строка: 47
=====================
[2020-01-20 08:57:34] Текст ошибки: syntax error, unexpected '?>' | Файл: C:\OSPanel\domains\ishop.loc\app\views\templates\admin.php | Строка: 517
=====================
